[INFO] Scanning for projects...
[INFO] ------------------------------------------------------------------------
[INFO] Reactor Build Order:
[INFO] 
[INFO] Explore With Me                                                    [pom]
[INFO] stat                                                               [pom]
[INFO] stat-dto                                                           [jar]
[INFO] stat-client                                                        [jar]
[INFO] main-service                                                       [jar]
[INFO] 
[INFO] --------------------< ru.practicum:explore-with-me >--------------------
[INFO] Building Explore With Me 0.0.1-SNAPSHOT                            [1/5]
[INFO]   from pom.xml
[INFO] --------------------------------[ pom ]---------------------------------
[INFO] 
[INFO] --- clean:3.3.2:clean (default-clean) @ explore-with-me ---
[INFO] 
[INFO] -------------------------< ru.practicum:stat >--------------------------
[INFO] Building stat 0.0.1-SNAPSHOT                                       [2/5]
[INFO]   from stat/pom.xml
[INFO] --------------------------------[ pom ]---------------------------------
[INFO] 
[INFO] --- clean:3.3.2:clean (default-clean) @ stat ---
[INFO] 
[INFO] -----------------------< ru.practicum:stat-dto >------------------------
[INFO] Building stat-dto 0.0.1-SNAPSHOT                                   [3/5]
[INFO]   from stat/stat-dto/pom.xml
[INFO] --------------------------------[ jar ]---------------------------------
[INFO] 
[INFO] --- clean:3.3.2:clean (default-clean) @ stat-dto ---
[INFO] Deleting /Users/d1sslow/IdeaProjects/java-explore-with-me-plus/stat/stat-dto/target
[INFO] 
[INFO] --- resources:3.3.1:resources (default-resources) @ stat-dto ---
[INFO] skip non existing resourceDirectory /Users/d1sslow/IdeaProjects/java-explore-with-me-plus/stat/stat-dto/src/main/resources
[INFO] skip non existing resourceDirectory /Users/d1sslow/IdeaProjects/java-explore-with-me-plus/stat/stat-dto/src/main/resources
[INFO] 
[INFO] --- compiler:3.13.0:compile (default-compile) @ stat-dto ---
[INFO] Recompiling the module because of changed source code.
[INFO] Compiling 2 source files with javac [debug parameters release 21] to target/classes
[INFO] Annotation processing is enabled because one or more processors were found
  on the class path. A future release of javac may disable annotation processing
  unless at least one processor is specified by name (-processor), or a search
  path is specified (--processor-path, --processor-module-path), or annotation
  processing is enabled explicitly (-proc:only, -proc:full).
  Use -Xlint:-options to suppress this message.
  Use -proc:none to disable annotation processing.
[INFO] 
[INFO] ----------------------< ru.practicum:stat-client >----------------------
[INFO] Building stat-client 0.0.1-SNAPSHOT                                [4/5]
[INFO]   from stat/stat-client/pom.xml
[INFO] --------------------------------[ jar ]---------------------------------
[INFO] 
[INFO] --- clean:3.3.2:clean (default-clean) @ stat-client ---
[INFO] Deleting /Users/d1sslow/IdeaProjects/java-explore-with-me-plus/stat/stat-client/target
[INFO] 
[INFO] --- resources:3.3.1:resources (default-resources) @ stat-client ---
[INFO] skip non existing resourceDirectory /Users/d1sslow/IdeaProjects/java-explore-with-me-plus/stat/stat-client/src/main/resources
[INFO] skip non existing resourceDirectory /Users/d1sslow/IdeaProjects/java-explore-with-me-plus/stat/stat-client/src/main/resources
[INFO] 
[INFO] --- compiler:3.13.0:compile (default-compile) @ stat-client ---
[INFO] Recompiling the module because of changed dependency.
[INFO] Compiling 2 source files with javac [debug parameters release 21] to target/classes
[INFO] Annotation processing is enabled because one or more processors were found
  on the class path. A future release of javac may disable annotation processing
  unless at least one processor is specified by name (-processor), or a search
  path is specified (--processor-path, --processor-module-path), or annotation
  processing is enabled explicitly (-proc:only, -proc:full).
  Use -Xlint:-options to suppress this message.
  Use -proc:none to disable annotation processing.
[WARNING] unknown enum constant javax.annotation.meta.When.MAYBE
  reason: class file for javax.annotation.meta.When not found
[WARNING] unknown enum constant javax.annotation.meta.When.MAYBE
  reason: class file for javax.annotation.meta.When not found
[WARNING] unknown enum constant javax.annotation.meta.When.MAYBE
  reason: class file for javax.annotation.meta.When not found
[WARNING] unknown enum constant javax.annotation.meta.When.MAYBE
  reason: class file for javax.annotation.meta.When not found
[WARNING] unknown enum constant javax.annotation.meta.When.MAYBE
  reason: class file for javax.annotation.meta.When not found
[INFO] 
[INFO] ---------------------< ru.practicum:main-service >----------------------
[INFO] Building main-service 0.0.1-SNAPSHOT                               [5/5]
[INFO]   from main-service/pom.xml
[INFO] --------------------------------[ jar ]---------------------------------
[INFO] 
[INFO] --- clean:3.3.2:clean (default-clean) @ main-service ---
[INFO] Deleting /Users/d1sslow/IdeaProjects/java-explore-with-me-plus/main-service/target
[INFO] 
[INFO] --- apt:1.1.3:process (default) @ main-service ---
[INFO] 
[INFO] --- resources:3.3.1:resources (default-resources) @ main-service ---
[INFO] Copying 2 resources from src/main/resources to target/classes
[INFO] Copying 2 resources from src/main/resources to target/classes
[INFO] 
[INFO] --- compiler:3.13.0:compile (default-compile) @ main-service ---
[INFO] Recompiling the module because of changed dependency.
[INFO] Compiling 88 source files with javac [debug parameters release 21] to target/classes
[INFO] Annotation processing is enabled because one or more processors were found
  on the class path. A future release of javac may disable annotation processing
  unless at least one processor is specified by name (-processor), or a search
  path is specified (--processor-path, --processor-module-path), or annotation
  processing is enabled explicitly (-proc:only, -proc:full).
  Use -Xlint:-options to suppress this message.
  Use -proc:none to disable annotation processing.
[INFO] ------------------------------------------------------------------------
[INFO] Reactor Summary for Explore With Me 0.0.1-SNAPSHOT:
[INFO] 
[INFO] Explore With Me .................................... SUCCESS [  0.042 s]
[INFO] stat ............................................... SUCCESS [  0.001 s]
[INFO] stat-dto ........................................... SUCCESS [  0.489 s]
[INFO] stat-client ........................................ SUCCESS [  0.208 s]
[INFO] main-service ....................................... SUCCESS [  0.914 s]
[INFO] ------------------------------------------------------------------------
[INFO] BUILD SUCCESS
[INFO] ------------------------------------------------------------------------
[INFO] Total time:  1.762 s
[INFO] Finished at: 2026-05-10T01:23:08+07:00
[INFO] ------------------------------------------------------------------------
